<?xml version="1.0" encoding="UTF-8"?>
<!-- Generated by org.testng.reporters.JUnitReportReporter -->
<testsuite hostname="DESKTOP-06CFBTH" failures="0" tests="2" name="com.vtiger.campaignTest.CreateCampaignTest" time="56.469" errors="0" timestamp="2022-05-26T18:05:50 IST" skipped="0">
  <testcase classname="com.vtiger.campaignTest.CreateCampaignTest" name="createCampaignTest" time="30.364"/>
  <system-out/>
  <testcase classname="com.vtiger.campaignTest.CreateCampaignTest" name="createCampaignTest" time="26.105"/>
  <system-out/>
</testsuite> <!-- com.vtiger.campaignTest.CreateCampaignTest -->
