<?xml version="1.0" encoding="UTF-8"?>
<!-- Generated by org.testng.reporters.JUnitReportReporter -->
<testsuite hostname="DESKTOP-06CFBTH" failures="1" tests="8" name="com.vtiger.practiceTest.TestNgListenerTest" time="0.032" errors="0" timestamp="2022-05-23T14:46:24 IST" skipped="5">
  <testcase classname="com.vtiger.practiceTest.TestNgListenerTest" name="testNGPractice3Test" time="0.007"/>
  <system-out>
    <![CDATA[k-practice
l-practice
m-practice
n-practice
o-practice]]>
  </system-out>
  <testcase classname="com.vtiger.practiceTest.TestNgListenerTest" name="testNGPractice1Test" time="0.002">
    <failure message="Expected Error" type="java.lang.AssertionError">
      <![CDATA[java.lang.AssertionError: Expected Error
at org.testng.Assert.fail(Assert.java:99)
at com.vtiger.practiceTest.TestNgListenerTest.testNGPractice1Test(TestNgListenerTest.java:17)
at java.base/jdk.internal.reflect.NativeMethodAccessorImpl.invoke0(Native Method)
at java.base/jdk.internal.reflect.NativeMethodAccessorImpl.invoke(NativeMethodAccessorImpl.java:78)
at java.base/jdk.internal.reflect.DelegatingMethodAccessorImpl.invoke(DelegatingMethodAccessorImpl.java:43)
at java.base/java.lang.reflect.Method.invoke(Method.java:567)
at org.testng.internal.MethodInvocationHelper.invokeMethod(MethodInvocationHelper.java:133)
at org.testng.internal.TestInvoker.invokeMethod(TestInvoker.java:598)
at org.testng.internal.TestInvoker.retryFailed(TestInvoker.java:213)
at org.testng.internal.MethodRunner.runInSequence(MethodRunner.java:58)
at org.testng.internal.TestInvoker$MethodInvocationAgent.invoke(TestInvoker.java:824)
at org.testng.internal.TestInvoker.invokeTestMethods(TestInvoker.java:146)
at org.testng.internal.TestMethodWorker.invokeTestMethods(TestMethodWorker.java:146)
at org.testng.internal.TestMethodWorker.run(TestMethodWorker.java:128)
at java.base/java.util.ArrayList.forEach(ArrayList.java:1511)
at org.testng.TestRunner.privateRun(TestRunner.java:794)
at org.testng.TestRunner.run(TestRunner.java:596)
at org.testng.SuiteRunner.runTest(SuiteRunner.java:377)
at org.testng.SuiteRunner.runSequentially(SuiteRunner.java:371)
at org.testng.SuiteRunner.privateRun(SuiteRunner.java:332)
at org.testng.SuiteRunner.run(SuiteRunner.java:276)
at org.testng.SuiteRunnerWorker.runSuite(SuiteRunnerWorker.java:53)
at org.testng.SuiteRunnerWorker.run(SuiteRunnerWorker.java:96)
at org.testng.TestNG.runSuitesSequentially(TestNG.java:1212)
at org.testng.TestNG.runSuitesLocally(TestNG.java:1134)
at org.testng.TestNG.runSuites(TestNG.java:1063)
at org.testng.TestNG.run(TestNG.java:1031)
at org.testng.remote.AbstractRemoteTestNG.run(AbstractRemoteTestNG.java:115)
at org.testng.remote.RemoteTestNG.initAndRun(RemoteTestNG.java:251)
at org.testng.remote.RemoteTestNG.main(RemoteTestNG.java:77)
]]>
    </failure>
  </testcase> <!-- testNGPractice1Test -->
  <system-out>
    <![CDATA[a-practice
b-practice
c-practice]]>
  </system-out>
  <testcase classname="com.vtiger.practiceTest.TestNgListenerTest" name="testNGPractice1Test" time="0.003">
    <skipped/>
  </testcase> <!-- testNGPractice1Test -->
  <system-out>
    <![CDATA[a-practice
b-practice
c-practice]]>
  </system-out>
  <testcase classname="com.vtiger.practiceTest.TestNgListenerTest" name="testNGPractice1Test" time="0.002">
    <skipped/>
  </testcase> <!-- testNGPractice1Test -->
  <system-out>
    <![CDATA[a-practice
b-practice
c-practice]]>
  </system-out>
  <testcase classname="com.vtiger.practiceTest.TestNgListenerTest" name="testNGPractice1Test" time="0.002">
    <skipped/>
  </testcase> <!-- testNGPractice1Test -->
  <system-out>
    <![CDATA[a-practice
b-practice
c-practice]]>
  </system-out>
  <testcase classname="com.vtiger.practiceTest.TestNgListenerTest" name="testNGPractice1Test" time="0.002">
    <skipped/>
  </testcase> <!-- testNGPractice1Test -->
  <system-out>
    <![CDATA[a-practice
b-practice
c-practice]]>
  </system-out>
  <testcase classname="com.vtiger.practiceTest.TestNgListenerTest" name="testNGPractice2Test" time="0.002"/>
  <system-out>
    <![CDATA[f-practice
g-practice
h-practice
i-practice
j-practice]]>
  </system-out>
  <testcase classname="com.vtiger.practiceTest.TestNgListenerTest" name="testNGPractice1Test" time="0.012">
    <skipped/>
  </testcase> <!-- testNGPractice1Test -->
  <system-out>
    <![CDATA[a-practice
b-practice
c-practice]]>
  </system-out>
</testsuite> <!-- com.vtiger.practiceTest.TestNgListenerTest -->
