<?xml version="1.0" encoding="UTF-8"?>
<!-- Generated by org.testng.reporters.JUnitReportReporter -->
<testsuite hostname="DESKTOP-06CFBTH" failures="0" tests="1" name="com.vtiger.leadTest.Lead_TC_56Test" time="54.940" errors="0" timestamp="2022-05-18T15:13:57 IST" skipped="0">
  <testcase classname="com.vtiger.leadTest.Lead_TC_56Test" name="lead56Test" time="54.940"/>
  <system-out/>
</testsuite> <!-- com.vtiger.leadTest.Lead_TC_56Test -->
