<?xml version="1.0" encoding="UTF-8"?>
<!-- Generated by org.testng.reporters.JUnitReportReporter -->
<testsuite hostname="DESKTOP-06CFBTH" failures="0" tests="1" name="com.vtiger.contactsTest.CreateContactTestngTest" time="93.009" errors="0" timestamp="2022-05-17T23:40:43 IST" skipped="0">
  <testcase classname="com.vtiger.contactsTest.CreateContactTestngTest" name="createContactsTest" time="93.009"/>
  <system-out/>
</testsuite> <!-- com.vtiger.contactsTest.CreateContactTestngTest -->
