<?xml version="1.0" encoding="UTF-8"?>
<!-- Generated by org.testng.reporters.JUnitReportReporter -->
<testsuite hostname="DESKTOP-06CFBTH" failures="0" tests="1" name="com.vtiger.ProductsTest.CreateProductsTest" time="114.946" errors="0" timestamp="2022-05-22T16:35:09 IST" skipped="0">
  <testcase classname="com.vtiger.ProductsTest.CreateProductsTest" name="createProductsTest" time="114.946"/>
  <system-out/>
</testsuite> <!-- com.vtiger.ProductsTest.CreateProductsTest -->
