<?xml version="1.0" encoding="UTF-8"?>
<!-- Generated by org.testng.reporters.JUnitReportReporter -->
<testsuite hostname="DESKTOP-06CFBTH" failures="0" tests="1" name="com.vtiger.practiceTest.LeadAdvancedSearch55Test" time="17.534" errors="0" timestamp="2022-05-18T16:45:21 IST" skipped="0">
  <testcase classname="com.vtiger.practiceTest.LeadAdvancedSearch55Test" name="leadSearchWithTest" time="17.534"/>
  <system-out/>
</testsuite> <!-- com.vtiger.practiceTest.LeadAdvancedSearch55Test -->
