<?xml version="1.0" encoding="UTF-8"?>
<!-- Generated by org.testng.reporters.JUnitReportReporter -->
<testsuite hostname="DESKTOP-06CFBTH" failures="0" tests="1" name="com.vtiger.campaignTest.CreateCampaignTestngTest" time="89.302" errors="0" timestamp="2022-05-18T10:49:18 IST" skipped="0">
  <testcase classname="com.vtiger.campaignTest.CreateCampaignTestngTest" name="createCampaignTest" time="89.302"/>
  <system-out/>
</testsuite> <!-- com.vtiger.campaignTest.CreateCampaignTestngTest -->
