<?xml version="1.0" encoding="UTF-8"?>
<!-- Generated by org.testng.reporters.JUnitReportReporter -->
<testsuite hostname="DESKTOP-06CFBTH" failures="0" tests="1" name="com.vtiger.leadTest.Lead_TC_61Test" time="47.365" errors="0" timestamp="2022-05-18T13:39:46 IST" skipped="0">
  <testcase classname="com.vtiger.leadTest.Lead_TC_61Test" name="lead61Test" time="47.365"/>
  <system-out/>
</testsuite> <!-- com.vtiger.leadTest.Lead_TC_61Test -->
