<?xml version="1.0" encoding="UTF-8"?>
<!-- Generated by org.testng.reporters.JUnitReportReporter -->
<testsuite hostname="DESKTOP-06CFBTH" failures="0" tests="1" name="com.vtiger.ProductsTest.CreateProductsTestNGTest" time="25.787" errors="0" timestamp="2022-05-18T11:47:29 IST" skipped="0">
  <testcase classname="com.vtiger.ProductsTest.CreateProductsTestNGTest" name="createProductsTest" time="25.787"/>
  <system-out/>
</testsuite> <!-- com.vtiger.ProductsTest.CreateProductsTestNGTest -->
