<?xml version="1.0" encoding="UTF-8"?>
<!-- Generated by org.testng.reporters.JUnitReportReporter -->
<testsuite hostname="DESKTOP-06CFBTH" failures="0" tests="1" name="com.vtiger.documentsTest.CreateDocumentsTestNGTest" time="38.794" errors="0" timestamp="2022-05-18T11:22:03 IST" skipped="0">
  <testcase classname="com.vtiger.documentsTest.CreateDocumentsTestNGTest" name="createDocumentsTest" time="38.794"/>
  <system-out/>
</testsuite> <!-- com.vtiger.documentsTest.CreateDocumentsTestNGTest -->
