<?xml version="1.0" encoding="UTF-8"?>
<!-- Generated by org.testng.reporters.JUnitReportReporter -->
<testsuite hostname="DESKTOP-06CFBTH" failures="0" tests="5" name="com.vtiger.practiceTest.TestNgLoginPracticeTest" time="0.014" errors="0" timestamp="2022-05-17T17:34:16 IST" skipped="0">
  <testcase classname="com.vtiger.practiceTest.TestNgLoginPracticeTest" name="practice1Test" time="0.001"/>
  <system-out>
    <![CDATA[admin5----password5]]>
  </system-out>
  <testcase classname="com.vtiger.practiceTest.TestNgLoginPracticeTest" name="practice1Test" time="0.002"/>
  <system-out>
    <![CDATA[admin2----password2]]>
  </system-out>
  <testcase classname="com.vtiger.practiceTest.TestNgLoginPracticeTest" name="practice1Test" time="0.001"/>
  <system-out>
    <![CDATA[admin3----password3]]>
  </system-out>
  <testcase classname="com.vtiger.practiceTest.TestNgLoginPracticeTest" name="practice1Test" time="0.001"/>
  <system-out>
    <![CDATA[admin4----password4]]>
  </system-out>
  <testcase classname="com.vtiger.practiceTest.TestNgLoginPracticeTest" name="practice1Test" time="0.009"/>
  <system-out>
    <![CDATA[admin1----password1]]>
  </system-out>
</testsuite> <!-- com.vtiger.practiceTest.TestNgLoginPracticeTest -->
