<?xml version="1.0" encoding="UTF-8"?>
<!-- Generated by org.testng.reporters.JUnitReportReporter -->
<testsuite hostname="DESKTOP-06CFBTH" failures="0" tests="1" name="com.vtiger.leadTest.Lead_TC_65Test" time="39.588" errors="0" timestamp="2022-05-18T13:22:25 IST" skipped="0">
  <testcase classname="com.vtiger.leadTest.Lead_TC_65Test" name="leadTc65Test" time="39.588"/>
  <system-out/>
</testsuite> <!-- com.vtiger.leadTest.Lead_TC_65Test -->
