<?xml version="1.0" encoding="UTF-8"?>
<!-- Generated by org.testng.reporters.JUnitReportReporter -->
<testsuite hostname="DESKTOP-06CFBTH" failures="0" tests="1" name="com.vtiger.contactsTest.CreateContWithOrgTestNgTest" time="54.415" errors="0" timestamp="2022-05-18T11:16:57 IST" skipped="0">
  <testcase classname="com.vtiger.contactsTest.CreateContWithOrgTestNgTest" name="createContWithOrgTest" time="54.415"/>
  <system-out/>
</testsuite> <!-- com.vtiger.contactsTest.CreateContWithOrgTestNgTest -->
