<?xml version="1.0" encoding="UTF-8"?>
<!-- Generated by org.testng.reporters.JUnitReportReporter -->
<testsuite hostname="DESKTOP-06CFBTH" failures="0" tests="1" name="com.vtiger.leadTest.Lead_TC_62Test" time="30.405" errors="0" timestamp="2022-05-18T13:44:42 IST" skipped="0">
  <testcase classname="com.vtiger.leadTest.Lead_TC_62Test" name="leadTc62Test" time="30.405"/>
  <system-out/>
</testsuite> <!-- com.vtiger.leadTest.Lead_TC_62Test -->
