<?xml version="1.0" encoding="UTF-8"?>
<!-- Generated by org.testng.reporters.JUnitReportReporter -->
<testsuite hostname="DESKTOP-06CFBTH" failures="0" tests="15" name="com.vtiger.practiceTest.VtigerTestNgLoginPracticeTest" time="0.044" errors="0" timestamp="2022-05-19T10:53:40 IST" skipped="0">
  <testcase classname="com.vtiger.practiceTest.VtigerTestNgLoginPracticeTest" name="practice1Test" time="0.001"/>
  <system-out>
    <![CDATA[admin15----password15]]>
  </system-out>
  <testcase classname="com.vtiger.practiceTest.VtigerTestNgLoginPracticeTest" name="practice1Test" time="0.002"/>
  <system-out>
    <![CDATA[admin4----password4]]>
  </system-out>
  <testcase classname="com.vtiger.practiceTest.VtigerTestNgLoginPracticeTest" name="practice1Test" time="0.002"/>
  <system-out>
    <![CDATA[admin2----password2]]>
  </system-out>
  <testcase classname="com.vtiger.practiceTest.VtigerTestNgLoginPracticeTest" name="practice1Test" time="0.001"/>
  <system-out>
    <![CDATA[admin14----password14]]>
  </system-out>
  <testcase classname="com.vtiger.practiceTest.VtigerTestNgLoginPracticeTest" name="practice1Test" time="0.001"/>
  <system-out>
    <![CDATA[admin8----password8]]>
  </system-out>
  <testcase classname="com.vtiger.practiceTest.VtigerTestNgLoginPracticeTest" name="practice1Test" time="0.004"/>
  <system-out>
    <![CDATA[admin12----password12]]>
  </system-out>
  <testcase classname="com.vtiger.practiceTest.VtigerTestNgLoginPracticeTest" name="practice1Test" time="0.006"/>
  <system-out>
    <![CDATA[admin5----password5]]>
  </system-out>
  <testcase classname="com.vtiger.practiceTest.VtigerTestNgLoginPracticeTest" name="practice1Test" time="0.001"/>
  <system-out>
    <![CDATA[admin7----password7]]>
  </system-out>
  <testcase classname="com.vtiger.practiceTest.VtigerTestNgLoginPracticeTest" name="practice1Test" time="0.003"/>
  <system-out>
    <![CDATA[admin3----password3]]>
  </system-out>
  <testcase classname="com.vtiger.practiceTest.VtigerTestNgLoginPracticeTest" name="practice1Test" time="0.002"/>
  <system-out>
    <![CDATA[admin10----password10]]>
  </system-out>
  <testcase classname="com.vtiger.practiceTest.VtigerTestNgLoginPracticeTest" name="practice1Test" time="0.005"/>
  <system-out>
    <![CDATA[admin11----password11]]>
  </system-out>
  <testcase classname="com.vtiger.practiceTest.VtigerTestNgLoginPracticeTest" name="practice1Test" time="0.010"/>
  <system-out>
    <![CDATA[admin1----password1]]>
  </system-out>
  <testcase classname="com.vtiger.practiceTest.VtigerTestNgLoginPracticeTest" name="practice1Test" time="0.003"/>
  <system-out>
    <![CDATA[admin13----password13]]>
  </system-out>
  <testcase classname="com.vtiger.practiceTest.VtigerTestNgLoginPracticeTest" name="practice1Test" time="0.001"/>
  <system-out>
    <![CDATA[admin9----password9]]>
  </system-out>
  <testcase classname="com.vtiger.practiceTest.VtigerTestNgLoginPracticeTest" name="practice1Test" time="0.002"/>
  <system-out>
    <![CDATA[admin6----password6]]>
  </system-out>
</testsuite> <!-- com.vtiger.practiceTest.VtigerTestNgLoginPracticeTest -->
