<?xml version="1.0" encoding="UTF-8"?>
<!-- Generated by org.testng.reporters.JUnitReportReporter -->
<testsuite hostname="DESKTOP-06CFBTH" failures="0" tests="6" name="com.vtiger.practiceTest.TestngPractice1Test" time="0.037" errors="0" timestamp="2022-05-19T22:01:21 IST" skipped="0">
  <testcase classname="com.vtiger.practiceTest.TestngPractice1Test" name="practice3Test" time="0.009"/>
  <system-out>
    <![CDATA[TestngPractice1Test---test3]]>
  </system-out>
  <testcase classname="com.vtiger.practiceTest.TestngPractice1Test" name="practice1Test" time="0.012"/>
  <system-out>
    <![CDATA[TestngPractice1Test---test1]]>
  </system-out>
  <testcase classname="com.vtiger.practiceTest.TestngPractice1Test" name="practice2Test" time="0.004"/>
  <system-out>
    <![CDATA[TestngPractice1Test---test2]]>
  </system-out>
  <testcase classname="com.vtiger.practiceTest.TestngPractice1Test" name="practice1Test" time="0.004"/>
  <system-out>
    <![CDATA[TestngPractice1Test---test1]]>
  </system-out>
  <testcase classname="com.vtiger.practiceTest.TestngPractice1Test" name="practice2Test" time="0.005"/>
  <system-out>
    <![CDATA[TestngPractice1Test---test2]]>
  </system-out>
  <testcase classname="com.vtiger.practiceTest.TestngPractice1Test" name="practice3Test" time="0.003"/>
  <system-out>
    <![CDATA[TestngPractice1Test---test3]]>
  </system-out>
</testsuite> <!-- com.vtiger.practiceTest.TestngPractice1Test -->
