<?xml version="1.0" encoding="UTF-8"?>
<!-- Generated by org.testng.reporters.JUnitReportReporter -->
<testsuite hostname="DESKTOP-06CFBTH" failures="0" tests="3" name="com.vtiger.practiceTest.TestngPracticeTest" time="0.023" errors="0" timestamp="2022-05-16T17:46:10 IST" skipped="0">
  <testcase classname="com.vtiger.practiceTest.TestngPracticeTest" name="practice3Test" time="0.003"/>
  <system-out>
    <![CDATA[Practice Test3 passed]]>
  </system-out>
  <testcase classname="com.vtiger.practiceTest.TestngPracticeTest" name="practice2Test" time="0.008"/>
  <system-out>
    <![CDATA[Practice Test2 passed]]>
  </system-out>
  <testcase classname="com.vtiger.practiceTest.TestngPracticeTest" name="practice1Test" time="0.012"/>
  <system-out/>
</testsuite> <!-- com.vtiger.practiceTest.TestngPracticeTest -->
